13:55:02: Creating resource group General
13:55:02: Creating resource group OgreInternal
13:55:02: Creating resource group OgreAutodetect
13:55:02: SceneManagerFactory for type 'DefaultSceneManager' registered.
13:55:02: Registering ResourceManager for type Material
13:55:02: Registering ResourceManager for type Mesh
13:55:02: Registering ResourceManager for type Skeleton
13:55:02: MovableObjectFactory for type 'ParticleSystem' registered.
13:55:02: ArchiveFactory for archive type FileSystem registered.
13:55:02: ArchiveFactory for archive type Zip registered.
13:55:02: ArchiveFactory for archive type EmbeddedZip registered.
13:55:02: DDS codec registering
13:55:02: ETC codec registering
13:55:02: Registering ResourceManager for type HighLevelGpuProgram
13:55:02: Registering ResourceManager for type Compositor
13:55:02: MovableObjectFactory for type 'Entity' registered.
13:55:02: MovableObjectFactory for type 'Light' registered.
13:55:02: MovableObjectFactory for type 'BillboardSet' registered.
13:55:02: MovableObjectFactory for type 'ManualObject' registered.
13:55:02: MovableObjectFactory for type 'BillboardChain' registered.
13:55:02: MovableObjectFactory for type 'RibbonTrail' registered.
13:55:02: Loading library C:/Users/nicof/Desktop/Nico/DesarrolloVideojuegos/3º/IG/PracticasIG2/Practica0/ProyectosOGREvc15x86/bin/.\RenderSystem_GL
13:55:02: Installing plugin: GL RenderSystem
13:55:02: OpenGL Rendering Subsystem created.
13:55:02: Plugin successfully installed
13:55:02: Loading library C:/Users/nicof/Desktop/Nico/DesarrolloVideojuegos/3º/IG/PracticasIG2/Practica0/ProyectosOGREvc15x86/bin/.\RenderSystem_GL3Plus
13:55:02: Installing plugin: GL 3+ RenderSystem
13:55:02: OpenGL 3+ Rendering Subsystem created.
13:55:02: Plugin successfully installed
13:55:02: Loading library C:/Users/nicof/Desktop/Nico/DesarrolloVideojuegos/3º/IG/PracticasIG2/Practica0/ProyectosOGREvc15x86/bin/.\Plugin_ParticleFX
13:55:02: Installing plugin: ParticleFX
13:55:02: Particle Emitter Type 'Point' registered
13:55:02: Particle Emitter Type 'Box' registered
13:55:02: Particle Emitter Type 'Ellipsoid' registered
13:55:02: Particle Emitter Type 'Cylinder' registered
13:55:02: Particle Emitter Type 'Ring' registered
13:55:02: Particle Emitter Type 'HollowEllipsoid' registered
13:55:02: Particle Affector Type 'LinearForce' registered
13:55:02: Particle Affector Type 'ColourFader' registered
13:55:02: Particle Affector Type 'ColourFader2' registered
13:55:02: Particle Affector Type 'ColourImage' registered
13:55:02: Particle Affector Type 'ColourInterpolator' registered
13:55:02: Particle Affector Type 'Scaler' registered
13:55:02: Particle Affector Type 'Rotator' registered
13:55:02: Particle Affector Type 'DirectionRandomiser' registered
13:55:02: Particle Affector Type 'DeflectorPlane' registered
13:55:02: Plugin successfully installed
13:55:02: Loading library C:/Users/nicof/Desktop/Nico/DesarrolloVideojuegos/3º/IG/PracticasIG2/Practica0/ProyectosOGREvc15x86/bin/.\Plugin_BSPSceneManager
13:55:03: Installing plugin: BSP Scene Manager
13:55:03: Plugin successfully installed
13:55:03: Loading library C:/Users/nicof/Desktop/Nico/DesarrolloVideojuegos/3º/IG/PracticasIG2/Practica0/ProyectosOGREvc15x86/bin/.\Codec_STBI
13:55:03: stb_image - v2.19 - public domain JPEG/PNG reader
13:55:03: Supported formats: jpeg,jpg,png,bmp,psd,tga,gif,pic,ppm,pgm,hdr
13:55:03: Loading library C:/Users/nicof/Desktop/Nico/DesarrolloVideojuegos/3º/IG/PracticasIG2/Practica0/ProyectosOGREvc15x86/bin/.\Plugin_PCZSceneManager
13:55:03: Installing plugin: Portal Connected Zone Scene Manager
13:55:03: PCZone Factory Type 'ZoneType_Default' registered
13:55:03: Plugin successfully installed
13:55:03: Loading library C:/Users/nicof/Desktop/Nico/DesarrolloVideojuegos/3º/IG/PracticasIG2/Practica0/ProyectosOGREvc15x86/bin/.\Plugin_OctreeZone
13:55:03: Installing plugin: Octree Zone Factory
13:55:03: Plugin successfully installed
13:55:03: Loading library C:/Users/nicof/Desktop/Nico/DesarrolloVideojuegos/3º/IG/PracticasIG2/Practica0/ProyectosOGREvc15x86/bin/.\Plugin_OctreeSceneManager
13:55:03: Installing plugin: Octree Scene Manager
13:55:03: Plugin successfully installed
13:55:03: *-*-* OGRE Initialising
13:55:03: *-*-* Version 1.11.2 (Rhagorthua)
13:55:03: OverlayElementFactory for type Panel registered.
13:55:03: OverlayElementFactory for type BorderPanel registered.
13:55:03: OverlayElementFactory for type TextArea registered.
13:55:03: Registering ResourceManager for type Font
13:55:03: CPU Identifier & Features
13:55:03: -------------------------
13:55:03:  *   CPU ID: GenuineIntel: Intel(R) Core(TM) i5-3330 CPU @ 3.00GHz
13:55:03:  *          SSE: yes
13:55:03:  *         SSE2: yes
13:55:03:  *         SSE3: yes
13:55:03:  *        SSE41: yes
13:55:03:  *        SSE42: yes
13:55:03:  *          MMX: yes
13:55:03:  *       MMXEXT: yes
13:55:03:  *        3DNOW: no
13:55:03:  *     3DNOWEXT: no
13:55:03:  *         CMOV: yes
13:55:03:  *          TSC: yes
13:55:03:  *INVARIANT TSC: yes
13:55:03:  *          FPU: yes
13:55:03:  *          PRO: yes
13:55:03:  *           HT: no
13:55:03: -------------------------
13:55:03: *** Starting Win32GL Subsystem ***
13:55:03: GL3PlusRenderSystem::_createRenderWindow "IG2App", 1024x768 windowed  miscParams: FSAA=0 externalWindowHandle=2363042 gamma=No vsync=Yes 
13:55:03: Supported WGL extensions: WGL_ARB_buffer_region WGL_ARB_create_context WGL_ARB_create_context_no_error WGL_ARB_create_context_profile WGL_ARB_create_context_robustness WGL_ARB_context_flush_control WGL_ARB_extensions_string WGL_ARB_make_current_read WGL_ARB_multisample WGL_ARB_pbuffer WGL_ARB_pixel_format WGL_ARB_pixel_format_float WGL_ARB_render_texture WGL_ATI_pixel_format_float WGL_EXT_colorspace WGL_EXT_create_context_es_profile WGL_EXT_create_context_es2_profile WGL_EXT_extensions_string WGL_EXT_framebuffer_sRGB WGL_EXT_pixel_format_packed_float WGL_EXT_swap_control WGL_EXT_swap_control_tear WGL_NVX_DX_interop WGL_NV_DX_interop WGL_NV_DX_interop2 WGL_NV_copy_image WGL_NV_delay_before_swap WGL_NV_float_buffer WGL_NV_multisample_coverage WGL_NV_multigpu_context WGL_NV_render_depth_texture WGL_NV_render_texture_rectangle 
13:55:03: GL_VERSION = 4.6.0.0
13:55:03: GL_VENDOR = NVIDIA Corporation
13:55:03: GL_RENDERER = GeForce GTX 750 Ti/PCIe/SSE2
13:55:03: GL_EXTENSIONS = GL_AMD_multi_draw_indirect GL_AMD_seamless_cubemap_per_texture GL_ARB_arrays_of_arrays GL_ARB_base_instance GL_ARB_bindless_texture GL_ARB_blend_func_extended GL_ARB_buffer_storage GL_ARB_clear_buffer_object GL_ARB_clear_texture GL_ARB_clip_control GL_ARB_color_buffer_float GL_ARB_compatibility GL_ARB_compressed_texture_pixel_storage GL_ARB_conservative_depth GL_ARB_compute_shader GL_ARB_compute_variable_group_size GL_ARB_conditional_render_inverted GL_ARB_copy_buffer GL_ARB_copy_image GL_ARB_cull_distance GL_ARB_debug_output GL_ARB_depth_buffer_float GL_ARB_depth_clamp GL_ARB_depth_texture GL_ARB_derivative_control GL_ARB_direct_state_access GL_ARB_draw_buffers GL_ARB_draw_buffers_blend GL_ARB_draw_indirect GL_ARB_draw_elements_base_vertex GL_ARB_draw_instanced GL_ARB_enhanced_layouts GL_ARB_ES2_compatibility GL_ARB_ES3_compatibility GL_ARB_ES3_1_compatibility GL_ARB_ES3_2_compatibility GL_ARB_explicit_attrib_location GL_ARB_explicit_uniform_location GL_ARB_fragment_coord_conventions GL_ARB_fragment_layer_viewport GL_ARB_fragment_program GL_ARB_fragment_program_shadow GL_ARB_fragment_shader GL_ARB_framebuffer_no_attachments GL_ARB_framebuffer_object GL_ARB_framebuffer_sRGB GL_ARB_geometry_shader4 GL_ARB_get_program_binary GL_ARB_get_texture_sub_image GL_ARB_gl_spirv GL_ARB_gpu_shader5 GL_ARB_gpu_shader_fp64 GL_ARB_gpu_shader_int64 GL_ARB_half_float_pixel GL_ARB_half_float_vertex GL_ARB_imaging GL_ARB_indirect_parameters GL_ARB_instanced_arrays GL_ARB_internalformat_query GL_ARB_internalformat_query2 GL_ARB_invalidate_subdata GL_ARB_map_buffer_alignment GL_ARB_map_buffer_range GL_ARB_multi_bind GL_ARB_multi_draw_indirect GL_ARB_multisample GL_ARB_multitexture GL_ARB_occlusion_query GL_ARB_occlusion_query2 GL_ARB_parallel_shader_compile GL_ARB_pipeline_statistics_query GL_ARB_pixel_buffer_object GL_ARB_point_parameters GL_ARB_point_sprite GL_ARB_polygon_offset_clamp GL_ARB_program_interface_query GL_ARB_provoking_vertex GL_ARB_query_buffer_object GL_ARB_robust_buffer_access_behavior GL_ARB_robustness GL_ARB_sample_shading GL_ARB_sampler_objects GL_ARB_seamless_cube_map GL_ARB_seamless_cubemap_per_texture GL_ARB_separate_shader_objects GL_ARB_shader_atomic_counter_ops GL_ARB_shader_atomic_counters GL_ARB_shader_ballot GL_ARB_shader_bit_encoding GL_ARB_shader_clock GL_ARB_shader_draw_parameters GL_ARB_shader_group_vote GL_ARB_shader_image_load_store GL_ARB_shader_image_size GL_ARB_shader_objects GL_ARB_shader_precision GL_ARB_shader_storage_buffer_object GL_ARB_shader_subroutine GL_ARB_shader_texture_image_samples GL_ARB_shader_texture_lod GL_ARB_shading_language_100 GL_ARB_shading_language_420pack GL_ARB_shading_language_include GL_ARB_shading_language_packing GL_ARB_shadow GL_ARB_sparse_buffer GL_ARB_sparse_texture GL_ARB_spirv_extensions GL_ARB_stencil_texturing GL_ARB_sync GL_ARB_tessellation_shader GL_ARB_texture_barrier GL_ARB_texture_border_clamp GL_ARB_texture_buffer_object GL_ARB_texture_buffer_object_rgb32 GL_ARB_texture_buffer_range GL_ARB_texture_compression GL_ARB_texture_compression_bptc GL_ARB_texture_compression_rgtc GL_ARB_texture_cube_map GL_ARB_texture_cube_map_array GL_ARB_texture_env_add GL_ARB_texture_env_combine GL_ARB_texture_env_crossbar GL_ARB_texture_env_dot3 GL_ARB_texture_filter_anisotropic GL_ARB_texture_float GL_ARB_texture_gather GL_ARB_texture_mirror_clamp_to_edge GL_ARB_texture_mirrored_repeat GL_ARB_texture_multisample GL_ARB_texture_non_power_of_two GL_ARB_texture_query_levels GL_ARB_texture_query_lod GL_ARB_texture_rectangle GL_ARB_texture_rg GL_ARB_texture_rgb10_a2ui GL_ARB_texture_stencil8 GL_ARB_texture_storage GL_ARB_texture_storage_multisample GL_ARB_texture_swizzle GL_ARB_texture_view GL_ARB_timer_query GL_ARB_transform_feedback2 GL_ARB_transform_feedback3 GL_ARB_transform_feedback_instanced GL_ARB_transform_feedback_overflow_query GL_ARB_transpose_matrix GL_ARB_uniform_buffer_object GL_ARB_vertex_array_bgra GL_ARB_vertex_array_object GL_ARB_vertex_attrib_64bit GL_ARB_vertex_attrib_binding GL_ARB_vertex_buffer_object GL_ARB_vertex_program GL_ARB_vertex_shader GL_ARB_vertex_type_10f_11f_11f_rev GL_ARB_vertex_type_2_10_10_10_rev GL_ARB_viewport_array GL_ARB_window_pos GL_ATI_draw_buffers GL_ATI_texture_float GL_ATI_texture_mirror_once GL_S3_s3tc GL_EXT_texture_env_add GL_EXT_abgr GL_EXT_bgra GL_EXT_bindable_uniform GL_EXT_blend_color GL_EXT_blend_equation_separate GL_EXT_blend_func_separate GL_EXT_blend_minmax GL_EXT_blend_subtract GL_EXT_compiled_vertex_array GL_EXT_Cg_shader GL_EXT_depth_bounds_test GL_EXT_direct_state_access GL_EXT_draw_buffers2 GL_EXT_draw_instanced GL_EXT_draw_range_elements GL_EXT_fog_coord GL_EXT_framebuffer_blit GL_EXT_framebuffer_multisample GL_EXTX_framebuffer_mixed_formats GL_EXT_framebuffer_multisample_blit_scaled GL_EXT_framebuffer_object GL_EXT_framebuffer_sRGB GL_EXT_geometry_shader4 GL_EXT_gpu_program_parameters GL_EXT_gpu_shader4 GL_EXT_multi_draw_arrays GL_EXT_multiview_texture_multisample GL_EXT_multiview_timer_query GL_EXT_packed_depth_stencil GL_EXT_packed_float GL_EXT_packed_pixels GL_EXT_pixel_buffer_object GL_EXT_point_parameters GL_EXT_polygon_offset_clamp GL_EXT_provoking_vertex GL_EXT_rescale_normal GL_EXT_secondary_color GL_EXT_separate_shader_objects GL_EXT_separate_specular_color GL_EXT_shader_image_load_formatted GL_EXT_shader_image_load_store GL_EXT_shader_integer_mix GL_EXT_shadow_funcs GL_EXT_stencil_two_side GL_EXT_stencil_wrap GL_EXT_texture3D GL_EXT_texture_array GL_EXT_texture_buffer_object GL_EXT_texture_compression_dxt1 GL_EXT_texture_compression_latc GL_EXT_texture_compression_rgtc GL_EXT_texture_compression_s3tc GL_EXT_texture_cube_map GL_EXT_texture_edge_clamp GL_EXT_texture_env_combine GL_EXT_texture_env_dot3 GL_EXT_texture_filter_anisotropic GL_EXT_texture_integer GL_EXT_texture_lod GL_EXT_texture_lod_bias GL_EXT_texture_mirror_clamp GL_EXT_texture_object GL_EXT_texture_shadow_lod GL_EXT_texture_shared_exponent GL_EXT_texture_sRGB GL_EXT_texture_sRGB_R8 GL_EXT_texture_sRGB_decode GL_EXT_texture_storage GL_EXT_texture_swizzle GL_EXT_timer_query GL_EXT_transform_feedback2 GL_EXT_vertex_array GL_EXT_vertex_array_bgra GL_EXT_vertex_attrib_64bit GL_EXT_window_rectangles GL_EXT_import_sync_object GL_IBM_rasterpos_clip GL_IBM_texture_mirrored_repeat GL_KHR_context_flush_control GL_KHR_debug GL_EXT_memory_object GL_EXT_memory_object_win32 GL_EXT_win32_keyed_mutex GL_KHR_parallel_shader_compile GL_KHR_no_error GL_KHR_robust_buffer_access_behavior GL_KHR_robustness GL_EXT_semaphore GL_EXT_semaphore_win32 GL_KHR_shader_subgroup GL_KTX_buffer_region GL_NV_alpha_to_coverage_dither_control GL_NV_bindless_multi_draw_indirect GL_NV_bindless_multi_draw_indirect_count GL_NV_bindless_texture GL_NV_blend_equation_advanced GL_NV_blend_equation_advanced_coherent GL_NV_blend_minmax_factor GL_NV_blend_square GL_NV_command_list GL_NV_compute_program5 GL_NV_conditional_render GL_NV_copy_depth_to_color GL_NV_copy_image GL_NV_depth_buffer_float GL_NV_depth_clamp GL_NV_draw_texture GL_NV_draw_vulkan_image GL_NV_ES1_1_compatibility GL_NV_ES3_1_compatibility GL_NV_explicit_multisample GL_NV_feature_query GL_NV_fence GL_NV_float_buffer GL_NV_fog_distance GL_NV_fragment_program GL_NV_fragment_program_option GL_NV_fragment_program2 GL_NV_framebuffer_multisample_coverage GL_NV_geometry_shader4 GL_NV_gpu_program4 GL_NV_internalformat_sample_query GL_NV_gpu_program4_1 GL_NV_gpu_program5 GL_NV_gpu_program5_mem_extended GL_NV_gpu_program_fp64 GL_NV_gpu_shader5 GL_NV_half_float GL_NV_light_max_exponent GL_NV_multisample_coverage GL_NV_multisample_filter_hint GL_NV_occlusion_query GL_NV_packed_depth_stencil GL_NV_parameter_buffer_object GL_NV_parameter_buffer_object2 GL_NV_path_rendering GL_NV_pixel_data_range GL_NV_point_sprite GL_NV_primitive_restart GL_NV_query_resource GL_NV_query_resource_tag GL_NV_register_combiners GL_NV_register_combiners2 GL_NV_shader_atomic_counters GL_NV_shader_atomic_float GL_NV_shader_atomic_int64 GL_NV_shader_buffer_load GL_NV_shader_storage_buffer_object GL_NV_shader_subgroup_partitioned GL_NV_texgen_reflection GL_NV_texture_barrier GL_NV_texture_compression_vtc GL_NV_texture_env_combine4 GL_NV_texture_multisample GL_NV_texture_rectangle GL_NV_texture_rectangle_compressed GL_NV_texture_shader GL_NV_texture_shader2 GL_NV_texture_shader3 GL_NV_transform_feedback GL_NV_transform_feedback2 GL_NV_uniform_buffer_unified_memory GL_NV_vertex_array_range GL_NV_vertex_array_range2 GL_NV_vertex_attrib_integer_64bit GL_NV_vertex_buffer_unified_memory GL_NV_vertex_program GL_NV_vertex_program1_1 GL_NV_vertex_program2 GL_NV_vertex_program2_option GL_NV_vertex_program3 GL_NVX_conditional_render GL_NVX_linked_gpu_multicast GL_NV_gpu_multicast GL_NVX_gpu_multicast2 GL_NVX_progress_fence GL_NVX_gpu_memory_info GL_NVX_multigpu_info GL_NVX_nvenc_interop GL_NV_shader_thread_group GL_NV_shader_thread_shuffle GL_KHR_blend_equation_advanced GL_KHR_blend_equation_advanced_coherent GL_OVR_multiview GL_OVR_multiview2 GL_SGIS_generate_mipmap GL_SGIS_texture_lod GL_SGIX_depth_texture GL_SGIX_shadow GL_SUN_slice_accum GL_WIN_swap_hint WGL_EXT_swap_control 
13:55:03: **************************************
13:55:03: ***   OpenGL 3+ Renderer Started   ***
13:55:03: **************************************
13:55:03: Registering ResourceManager for type GpuProgram
13:55:03: GL3+: Using FBOs for rendering to textures
13:55:03: FBO PF_UNKNOWN depth/stencil support: D0S0 D0S8 D16S0 D16S8 D24S0 D24S8 D32S0 D32S8 D32S0 D32S8 Packed-D24S8 Packed-D32S8 
13:55:03: FBO PF_L8 depth/stencil support: D0S0 D0S8 D16S0 D16S8 D24S0 D24S8 D32S0 D32S8 D32S0 D32S8 Packed-D24S8 Packed-D32S8 
13:55:03: FBO PF_L16 depth/stencil support: D0S0 D0S8 D16S0 D16S8 D24S0 D24S8 D32S0 D32S8 D32S0 D32S8 Packed-D24S8 Packed-D32S8 
13:55:03: FBO PF_A8 depth/stencil support: D0S0 D0S8 D16S0 D16S8 D24S0 D24S8 D32S0 D32S8 D32S0 D32S8 Packed-D24S8 Packed-D32S8 
13:55:03: FBO PF_BYTE_LA depth/stencil support: D0S0 D0S8 D16S0 D16S8 D24S0 D24S8 D32S0 D32S8 D32S0 D32S8 Packed-D24S8 Packed-D32S8 
13:55:03: FBO PF_R5G6B5 depth/stencil support: D0S0 D0S8 D16S0 D16S8 D24S0 D24S8 D32S0 D32S8 D32S0 D32S8 Packed-D24S8 Packed-D32S8 
13:55:03: FBO PF_B5G6R5 depth/stencil support: D0S0 D0S8 D16S0 D16S8 D24S0 D24S8 D32S0 D32S8 D32S0 D32S8 Packed-D24S8 Packed-D32S8 
13:55:03: FBO PF_A4R4G4B4 depth/stencil support: D0S0 D0S8 D16S0 D16S8 D24S0 D24S8 D32S0 D32S8 D32S0 D32S8 Packed-D24S8 Packed-D32S8 
13:55:03: FBO PF_A1R5G5B5 depth/stencil support: D0S0 D0S8 D16S0 D16S8 D24S0 D24S8 D32S0 D32S8 D32S0 D32S8 Packed-D24S8 Packed-D32S8 
13:55:03: FBO PF_R8G8B8 depth/stencil support: D0S0 D0S8 D16S0 D16S8 D24S0 D24S8 D32S0 D32S8 D32S0 D32S8 Packed-D24S8 Packed-D32S8 
13:55:03: FBO PF_B8G8R8 depth/stencil support: D0S0 D0S8 D16S0 D16S8 D24S0 D24S8 D32S0 D32S8 D32S0 D32S8 Packed-D24S8 Packed-D32S8 
13:55:03: FBO PF_A8R8G8B8 depth/stencil support: D0S0 D0S8 D16S0 D16S8 D24S0 D24S8 D32S0 D32S8 D32S0 D32S8 Packed-D24S8 Packed-D32S8 
13:55:03: FBO PF_A8B8G8R8 depth/stencil support: D0S0 D0S8 D16S0 D16S8 D24S0 D24S8 D32S0 D32S8 D32S0 D32S8 Packed-D24S8 Packed-D32S8 
13:55:03: FBO PF_B8G8R8A8 depth/stencil support: D0S0 D0S8 D16S0 D16S8 D24S0 D24S8 D32S0 D32S8 D32S0 D32S8 Packed-D24S8 Packed-D32S8 
13:55:03: FBO PF_A2R10G10B10 depth/stencil support: D0S0 D0S8 D16S0 D16S8 D24S0 D24S8 D32S0 D32S8 D32S0 D32S8 Packed-D24S8 Packed-D32S8 
13:55:03: FBO PF_A2B10G10R10 depth/stencil support: D0S0 D0S8 D16S0 D16S8 D24S0 D24S8 D32S0 D32S8 D32S0 D32S8 Packed-D24S8 Packed-D32S8 
13:55:03: FBO PF_FLOAT16_RGB depth/stencil support: D0S0 D0S8 D16S0 D16S8 D24S0 D24S8 D32S0 D32S8 D32S0 D32S8 Packed-D24S8 Packed-D32S8 
13:55:03: FBO PF_FLOAT16_RGBA depth/stencil support: D0S0 D0S8 D16S0 D16S8 D24S0 D24S8 D32S0 D32S8 D32S0 D32S8 Packed-D24S8 Packed-D32S8 
13:55:03: FBO PF_FLOAT32_RGB depth/stencil support: D0S0 D0S8 D16S0 D16S8 D24S0 D24S8 D32S0 D32S8 D32S0 D32S8 Packed-D24S8 Packed-D32S8 
13:55:03: FBO PF_FLOAT32_RGBA depth/stencil support: D0S0 D0S8 D16S0 D16S8 D24S0 D24S8 D32S0 D32S8 D32S0 D32S8 Packed-D24S8 Packed-D32S8 
13:55:03: FBO PF_X8R8G8B8 depth/stencil support: D0S0 D0S8 D16S0 D16S8 D24S0 D24S8 D32S0 D32S8 D32S0 D32S8 Packed-D24S8 Packed-D32S8 
13:55:03: FBO PF_X8B8G8R8 depth/stencil support: D0S0 D0S8 D16S0 D16S8 D24S0 D24S8 D32S0 D32S8 D32S0 D32S8 Packed-D24S8 Packed-D32S8 
13:55:03: FBO PF_R8G8B8A8 depth/stencil support: D0S0 D0S8 D16S0 D16S8 D24S0 D24S8 D32S0 D32S8 D32S0 D32S8 Packed-D24S8 Packed-D32S8 
13:55:03: FBO PF_DEPTH depth/stencil support: D0S0 D0S8 D16S0 D16S8 D24S0 D24S8 D32S0 D32S8 D32S0 D32S8 Packed-D24S8 Packed-D32S8 
13:55:03: FBO PF_SHORT_RGBA depth/stencil support: D0S0 D0S8 D16S0 D16S8 D24S0 D24S8 D32S0 D32S8 D32S0 D32S8 Packed-D24S8 Packed-D32S8 
13:55:03: FBO PF_R3G3B2 depth/stencil support: D0S0 D0S8 D16S0 D16S8 D24S0 D24S8 D32S0 D32S8 D32S0 D32S8 Packed-D24S8 Packed-D32S8 
13:55:03: FBO PF_FLOAT16_R depth/stencil support: D0S0 D0S8 D16S0 D16S8 D24S0 D24S8 D32S0 D32S8 D32S0 D32S8 Packed-D24S8 Packed-D32S8 
13:55:03: FBO PF_FLOAT32_R depth/stencil support: D0S0 D0S8 D16S0 D16S8 D24S0 D24S8 D32S0 D32S8 D32S0 D32S8 Packed-D24S8 Packed-D32S8 
13:55:03: FBO PF_SHORT_GR depth/stencil support: D0S0 D0S8 D16S0 D16S8 D24S0 D24S8 D32S0 D32S8 D32S0 D32S8 Packed-D24S8 Packed-D32S8 
13:55:03: FBO PF_FLOAT16_GR depth/stencil support: D0S0 D0S8 D16S0 D16S8 D24S0 D24S8 D32S0 D32S8 D32S0 D32S8 Packed-D24S8 Packed-D32S8 
13:55:03: FBO PF_FLOAT32_GR depth/stencil support: D0S0 D0S8 D16S0 D16S8 D24S0 D24S8 D32S0 D32S8 D32S0 D32S8 Packed-D24S8 Packed-D32S8 
13:55:03: FBO PF_SHORT_RGB depth/stencil support: D0S0 D0S8 D16S0 D16S8 D24S0 D24S8 D32S0 D32S8 D32S0 D32S8 Packed-D24S8 Packed-D32S8 
13:55:03: FBO PF_R11G11B10_FLOAT depth/stencil support: D0S0 D0S8 D16S0 D16S8 D24S0 D24S8 D32S0 D32S8 D32S0 D32S8 Packed-D24S8 Packed-D32S8 
13:55:03: FBO PF_R8_UINT depth/stencil support: D0S0 D0S8 D16S0 D16S8 D24S0 D24S8 D32S0 D32S8 D32S0 D32S8 Packed-D24S8 Packed-D32S8 
13:55:03: FBO PF_R8G8_UINT depth/stencil support: D0S0 D0S8 D16S0 D16S8 D24S0 D24S8 D32S0 D32S8 D32S0 D32S8 Packed-D24S8 Packed-D32S8 
13:55:03: FBO PF_R8G8B8_UINT depth/stencil support: D0S0 D0S8 D16S0 D16S8 D24S0 D24S8 D32S0 D32S8 D32S0 D32S8 Packed-D24S8 Packed-D32S8 
13:55:03: FBO PF_R8G8B8A8_UINT depth/stencil support: D0S0 D0S8 D16S0 D16S8 D24S0 D24S8 D32S0 D32S8 D32S0 D32S8 Packed-D24S8 Packed-D32S8 
13:55:03: FBO PF_R16_UINT depth/stencil support: D0S0 D0S8 D16S0 D16S8 D24S0 D24S8 D32S0 D32S8 D32S0 D32S8 Packed-D24S8 Packed-D32S8 
13:55:03: FBO PF_R16G16_UINT depth/stencil support: D0S0 D0S8 D16S0 D16S8 D24S0 D24S8 D32S0 D32S8 D32S0 D32S8 Packed-D24S8 Packed-D32S8 
13:55:03: FBO PF_R16G16B16_UINT depth/stencil support: D0S0 D0S8 D16S0 D16S8 D24S0 D24S8 D32S0 D32S8 D32S0 D32S8 Packed-D24S8 Packed-D32S8 
13:55:03: FBO PF_R16G16B16A16_UINT depth/stencil support: D0S0 D0S8 D16S0 D16S8 D24S0 D24S8 D32S0 D32S8 D32S0 D32S8 Packed-D24S8 Packed-D32S8 
13:55:03: FBO PF_R32_UINT depth/stencil support: D0S0 D0S8 D16S0 D16S8 D24S0 D24S8 D32S0 D32S8 D32S0 D32S8 Packed-D24S8 Packed-D32S8 
13:55:03: FBO PF_R32G32_UINT depth/stencil support: D0S0 D0S8 D16S0 D16S8 D24S0 D24S8 D32S0 D32S8 D32S0 D32S8 Packed-D24S8 Packed-D32S8 
13:55:03: FBO PF_R32G32B32_UINT depth/stencil support: D0S0 D0S8 D16S0 D16S8 D24S0 D24S8 D32S0 D32S8 D32S0 D32S8 Packed-D24S8 Packed-D32S8 
13:55:03: FBO PF_R32G32B32A32_UINT depth/stencil support: D0S0 D0S8 D16S0 D16S8 D24S0 D24S8 D32S0 D32S8 D32S0 D32S8 Packed-D24S8 Packed-D32S8 
13:55:03: FBO PF_R8_SINT depth/stencil support: D0S0 D0S8 D16S0 D16S8 D24S0 D24S8 D32S0 D32S8 D32S0 D32S8 Packed-D24S8 Packed-D32S8 
13:55:03: FBO PF_R8G8_SINT depth/stencil support: D0S0 D0S8 D16S0 D16S8 D24S0 D24S8 D32S0 D32S8 D32S0 D32S8 Packed-D24S8 Packed-D32S8 
13:55:03: FBO PF_R8G8B8_SINT depth/stencil support: D0S0 D0S8 D16S0 D16S8 D24S0 D24S8 D32S0 D32S8 D32S0 D32S8 Packed-D24S8 Packed-D32S8 
13:55:03: FBO PF_R8G8B8A8_SINT depth/stencil support: D0S0 D0S8 D16S0 D16S8 D24S0 D24S8 D32S0 D32S8 D32S0 D32S8 Packed-D24S8 Packed-D32S8 
13:55:03: FBO PF_R16_SINT depth/stencil support: D0S0 D0S8 D16S0 D16S8 D24S0 D24S8 D32S0 D32S8 D32S0 D32S8 Packed-D24S8 Packed-D32S8 
13:55:03: FBO PF_R16G16_SINT depth/stencil support: D0S0 D0S8 D16S0 D16S8 D24S0 D24S8 D32S0 D32S8 D32S0 D32S8 Packed-D24S8 Packed-D32S8 
13:55:03: FBO PF_R16G16B16_SINT depth/stencil support: D0S0 D0S8 D16S0 D16S8 D24S0 D24S8 D32S0 D32S8 D32S0 D32S8 Packed-D24S8 Packed-D32S8 
13:55:03: FBO PF_R16G16B16A16_SINT depth/stencil support: D0S0 D0S8 D16S0 D16S8 D24S0 D24S8 D32S0 D32S8 D32S0 D32S8 Packed-D24S8 Packed-D32S8 
13:55:03: FBO PF_R32_SINT depth/stencil support: D0S0 D0S8 D16S0 D16S8 D24S0 D24S8 D32S0 D32S8 D32S0 D32S8 Packed-D24S8 Packed-D32S8 
13:55:03: FBO PF_R32G32_SINT depth/stencil support: D0S0 D0S8 D16S0 D16S8 D24S0 D24S8 D32S0 D32S8 D32S0 D32S8 Packed-D24S8 Packed-D32S8 
13:55:03: FBO PF_R32G32B32_SINT depth/stencil support: D0S0 D0S8 D16S0 D16S8 D24S0 D24S8 D32S0 D32S8 D32S0 D32S8 Packed-D24S8 Packed-D32S8 
13:55:03: FBO PF_R32G32B32A32_SINT depth/stencil support: D0S0 D0S8 D16S0 D16S8 D24S0 D24S8 D32S0 D32S8 D32S0 D32S8 Packed-D24S8 Packed-D32S8 
13:55:03: FBO PF_R8 depth/stencil support: D0S0 D0S8 D16S0 D16S8 D24S0 D24S8 D32S0 D32S8 D32S0 D32S8 Packed-D24S8 Packed-D32S8 
13:55:03: FBO PF_RG8 depth/stencil support: D0S0 D0S8 D16S0 D16S8 D24S0 D24S8 D32S0 D32S8 D32S0 D32S8 Packed-D24S8 Packed-D32S8 
13:55:03: FBO PF_R8_SNORM depth/stencil support: D0S0 D0S8 D16S0 D16S8 D24S0 D24S8 D32S0 D32S8 D32S0 D32S8 Packed-D24S8 Packed-D32S8 
13:55:03: FBO PF_R8G8_SNORM depth/stencil support: D0S0 D0S8 D16S0 D16S8 D24S0 D24S8 D32S0 D32S8 D32S0 D32S8 Packed-D24S8 Packed-D32S8 
13:55:03: FBO PF_R8G8B8_SNORM depth/stencil support: D0S0 D0S8 D16S0 D16S8 D24S0 D24S8 D32S0 D32S8 D32S0 D32S8 Packed-D24S8 Packed-D32S8 
13:55:03: FBO PF_R8G8B8A8_SNORM depth/stencil support: D0S0 D0S8 D16S0 D16S8 D24S0 D24S8 D32S0 D32S8 D32S0 D32S8 Packed-D24S8 Packed-D32S8 
13:55:03: FBO PF_R16_SNORM depth/stencil support: D0S0 D0S8 D16S0 D16S8 D24S0 D24S8 D32S0 D32S8 D32S0 D32S8 Packed-D24S8 Packed-D32S8 
13:55:03: FBO PF_R16G16_SNORM depth/stencil support: D0S0 D0S8 D16S0 D16S8 D24S0 D24S8 D32S0 D32S8 D32S0 D32S8 Packed-D24S8 Packed-D32S8 
13:55:03: FBO PF_R16G16B16_SNORM depth/stencil support: D0S0 D0S8 D16S0 D16S8 D24S0 D24S8 D32S0 D32S8 D32S0 D32S8 Packed-D24S8 Packed-D32S8 
13:55:03: FBO PF_R16G16B16A16_SNORM depth/stencil support: D0S0 D0S8 D16S0 D16S8 D24S0 D24S8 D32S0 D32S8 D32S0 D32S8 Packed-D24S8 Packed-D32S8 
13:55:03: [GL] : Valid FBO targets PF_UNKNOWN PF_L8 PF_L16 PF_A8 PF_BYTE_LA PF_R5G6B5 PF_B5G6R5 PF_A4R4G4B4 PF_A1R5G5B5 PF_R8G8B8 PF_B8G8R8 PF_A8R8G8B8 PF_A8B8G8R8 PF_B8G8R8A8 PF_A2R10G10B10 PF_A2B10G10R10 PF_FLOAT16_RGB PF_FLOAT16_RGBA PF_FLOAT32_RGB PF_FLOAT32_RGBA PF_X8R8G8B8 PF_X8B8G8R8 PF_R8G8B8A8 PF_DEPTH PF_SHORT_RGBA PF_R3G3B2 PF_FLOAT16_R PF_FLOAT32_R PF_SHORT_GR PF_FLOAT16_GR PF_FLOAT32_GR PF_SHORT_RGB PF_R11G11B10_FLOAT PF_R8_UINT PF_R8G8_UINT PF_R8G8B8_UINT PF_R8G8B8A8_UINT PF_R16_UINT PF_R16G16_UINT PF_R16G16B16_UINT PF_R16G16B16A16_UINT PF_R32_UINT PF_R32G32_UINT PF_R32G32B32_UINT PF_R32G32B32A32_UINT PF_R8_SINT PF_R8G8_SINT PF_R8G8B8_SINT PF_R8G8B8A8_SINT PF_R16_SINT PF_R16G16_SINT PF_R16G16B16_SINT PF_R16G16B16A16_SINT PF_R32_SINT PF_R32G32_SINT PF_R32G32B32_SINT PF_R32G32B32A32_SINT PF_R8 PF_RG8 PF_R8_SNORM PF_R8G8_SNORM PF_R8G8B8_SNORM PF_R8G8B8A8_SNORM PF_R16_SNORM PF_R16G16_SNORM PF_R16G16B16_SNORM PF_R16G16B16A16_SNORM 
13:55:03: RenderSystem capabilities
13:55:03: -------------------------
13:55:03: RenderSystem Name: OpenGL 3+ Rendering Subsystem
13:55:03: GPU Vendor: nvidia
13:55:03: Device Name: GeForce GTX 750 Ti/PCIe/SSE2
13:55:03: Driver Version: 4.6.0.0
13:55:03:  * Fixed function pipeline: no
13:55:03:  * Anisotropic texture filtering: yes
13:55:03:  * Cube mapping: yes
13:55:03:  * Hardware stencil buffer: yes
13:55:03:    - Stencil depth: 8
13:55:03:    - Two sided stencil support: yes
13:55:03:    - Wrap stencil values: yes
13:55:03:  * 32-bit index buffers: yes
13:55:03:  * Vertex programs: yes
13:55:03:  * Number of floating-point constants for vertex programs: 4096
13:55:03:  * Number of integer constants for vertex programs: 4096
13:55:03:  * Number of boolean constants for vertex programs: 4096
13:55:03:  * Fragment programs: yes
13:55:03:  * Number of floating-point constants for fragment programs: 4096
13:55:03:  * Number of integer constants for fragment programs: 4096
13:55:03:  * Number of boolean constants for fragment programs: 4096
13:55:03:  * Geometry programs: yes
13:55:03:  * Number of floating-point constants for geometry programs: 2048
13:55:03:  * Number of integer constants for geometry programs: 2048
13:55:03:  * Number of boolean constants for geometry programs: 2048
13:55:03:  * Tessellation Hull programs: yes
13:55:03:  * Number of floating-point constants for tessellation hull programs: 2048
13:55:03:  * Number of integer constants for tessellation hull programs: 2048
13:55:03:  * Number of boolean constants for tessellation hull programs: 2048
13:55:03:  * Tessellation Domain programs: yes
13:55:03:  * Number of floating-point constants for tessellation domain programs: 2048
13:55:03:  * Number of integer constants for tessellation domain programs: 2048
13:55:03:  * Number of boolean constants for tessellation domain programs: 2048
13:55:03:  * Compute programs: yes
13:55:03:  * Number of floating-point constants for compute programs: 2048
13:55:03:  * Number of integer constants for compute programs: 2048
13:55:03:  * Number of boolean constants for compute programs: 2048
13:55:03:  * Supported Shader Profiles: glsl glsl130 glsl140 glsl150 glsl330 glsl400 glsl410 glsl420 glsl430 glsl440 glsl450 glsl460
13:55:03:  * Texture Compression: yes
13:55:03:    - DXT: yes
13:55:03:    - VTC: yes
13:55:03:    - PVRTC: no
13:55:03:    - ATC: no
13:55:03:    - ETC1: no
13:55:03:    - ETC2: yes
13:55:03:    - BC4/BC5: yes
13:55:03:    - BC6H/BC7: yes
13:55:03:    - ASTC: no
13:55:03:    - Mipmaps for compressed formats: yes
13:55:03:  * Hardware Occlusion Query: yes
13:55:03:  * User clip planes: yes
13:55:03:  * VET_UBYTE4 vertex element type: yes
13:55:03:  * Infinite far plane projection: yes
13:55:03:  * Hardware render-to-texture: yes
13:55:03:  * Floating point textures: yes
13:55:03:  * Non-power-of-two textures: yes
13:55:03:  * 1d textures: yes
13:55:03:  * Volume textures: yes
13:55:03:  * Multiple Render Targets: 8
13:55:03:    - With different bit depths: yes
13:55:03:  * Point Sprites: yes
13:55:03:  * Wide Lines: yes
13:55:03:  * Hardware Gamma: yes
13:55:03:  * Extended point parameters: yes
13:55:03:  * Max Point Size: 189.875
13:55:03:  * Vertex texture fetch: yes
13:55:03:  * Number of texture units: 16
13:55:03:  * Number of vertex attributes: 16
13:55:03:  * Stencil buffer depth: 8
13:55:03:  * Number of vertex blend matrices: 0
13:55:03:    - Max vertex textures: 16
13:55:03:    - Vertex textures shared: yes
13:55:03:  * Render to Vertex Buffer : yes
13:55:03:  * Hardware Atomic Counters: yes
13:55:03:  * PBuffer support: no
13:55:03:  * Vertex Array Objects: yes
13:55:03:  * Separate shader objects: yes
13:55:03:  * GLSL SSO redeclare interface block: yes
13:55:03:  * Debugging/ profiling events: yes
13:55:03:  * Map buffer storage: yes
13:55:03: Registering ResourceManager for type Texture
13:55:03: DefaultWorkQueue('Root') initialising on thread 16536.
13:55:03: DefaultWorkQueue('Root')::WorkerFunc - thread 13384 starting.
13:55:03: DefaultWorkQueue('Root')::WorkerFunc - thread 16660 starting.
13:55:03: DefaultWorkQueue('Root')::WorkerFunc - thread 12052 starting.
13:55:03: DefaultWorkQueue('Root')::WorkerFunc - thread 16532 starting.
13:55:03: Particle Renderer Type 'billboard' registered
13:55:03: SceneManagerFactory for type 'BspSceneManager' registered.
13:55:03: Registering SceneLoader Q3BSP
13:55:03: SceneManagerFactory for type 'PCZSceneManager' registered.
13:55:03: MovableObjectFactory for type 'PCZLight' registered.
13:55:03: MovableObjectFactory for type 'Portal' registered.
13:55:03: MovableObjectFactory for type 'AntiPortal' registered.
13:55:03: PCZone Factory Type 'ZoneType_Octree' registered
13:55:03: SceneManagerFactory for type 'OctreeSceneManager' registered.
13:55:03: Creating resource group Essential
13:55:03: Added resource location '../Media/thumbnails' of type 'FileSystem' to resource group 'Essential'
13:55:03: Added resource location '../Media/packs/SdkTrays.zip' of type 'Zip' to resource group 'Essential'
13:55:03: Added resource location '../Media/packs/profiler.zip' of type 'Zip' to resource group 'Essential'
13:55:03: Added resource location '../Media' of type 'FileSystem' to resource group 'General'
13:55:03: Added resource location '../Media/fonts' of type 'FileSystem' to resource group 'General'
13:55:03: Added resource location '../Media/materials/programs' of type 'FileSystem' to resource group 'General'
13:55:03: Added resource location '../Media/IG2App' of type 'FileSystem' to resource group 'General'
13:55:03: Added resource location '../Media/packs/ogredance.zip' of type 'Zip' to resource group 'General'
13:55:03: Added resource location '../Media/packs/Sinbad.zip' of type 'Zip' to resource group 'General'
13:55:03: Added resource location '../Media/packs/DamagedHelmet.zip' of type 'Zip' to resource group 'General'
13:55:03: Added resource location '../Media/materials/programs/GLSL120' of type 'FileSystem' to resource group 'General'
13:55:03: Added resource location '../Media/materials/programs/GLSL150' of type 'FileSystem' to resource group 'General'
13:55:03: Added resource location '../Media/materials/programs/GLSL400' of type 'FileSystem' to resource group 'General'
13:55:03: Added resource location '../Media/RTShaderLib/materials' of type 'FileSystem' to resource group 'General'
13:55:03: Added resource location '../Media/RTShaderLib/GLSL' of type 'FileSystem' to resource group 'General'
13:55:03: Parsing scripts for resource group Essential
13:55:03: Parsing script SdkTrays.material
13:55:03: Parsing script OgreProfiler.material
13:55:03: Parsing script SdkTrays.fontdef
13:55:03: Parsing script SdkTrays.overlay
13:55:03: Texture: sdk_cursor.png: Loading 1 faces(PF_A8B8G8R8,32x32x1) with 5 hardware generated mipmaps from Image. Internal format is PF_A8B8G8R8,32x32x1.
13:55:03: Texture: sdk_tray.png: Loading 1 faces(PF_A8B8G8R8,64x64x1) with 6 hardware generated mipmaps from Image. Internal format is PF_A8B8G8R8,64x64x1.
13:55:03: Texture: sdk_button_up.png: Loading 1 faces(PF_A8B8G8R8,128x32x1) with 7 hardware generated mipmaps from Image. Internal format is PF_A8B8G8R8,128x32x1.
13:55:03: Texture: sdk_text_box.png: Loading 1 faces(PF_A8B8G8R8,32x32x1) with 5 hardware generated mipmaps from Image. Internal format is PF_A8B8G8R8,32x32x1.
13:55:03: Texture: sdk_mini_tray.png: Loading 1 faces(PF_A8B8G8R8,32x32x1) with 5 hardware generated mipmaps from Image. Internal format is PF_A8B8G8R8,32x32x1.
13:55:03: Texture: sdk_track.png: Loading 1 faces(PF_A8B8G8R8,16x32x1) with 5 hardware generated mipmaps from Image. Internal format is PF_A8B8G8R8,16x32x1.
13:55:03: Texture: sdk_handle.png: Loading 1 faces(PF_A8B8G8R8,16x16x1) with 4 hardware generated mipmaps from Image. Internal format is PF_A8B8G8R8,16x16x1.
13:55:03: Texture: sdk_mini_text_box.png: Loading 1 faces(PF_A8B8G8R8,32x32x1) with 5 hardware generated mipmaps from Image. Internal format is PF_A8B8G8R8,32x32x1.
13:55:03: Texture: sdk_label.png: Loading 1 faces(PF_A8B8G8R8,32x32x1) with 5 hardware generated mipmaps from Image. Internal format is PF_A8B8G8R8,32x32x1.
13:55:03: Texture: sdk_separator.png: Loading 1 faces(PF_A8B8G8R8,64x16x1) with 6 hardware generated mipmaps from Image. Internal format is PF_A8B8G8R8,64x16x1.
13:55:03: Texture: sdk_logo.png: Loading 1 faces(PF_A8B8G8R8,128x64x1) with 7 hardware generated mipmaps from Image. Internal format is PF_A8B8G8R8,128x64x1.
13:55:03: Texture: sdk_shade.png: Loading 1 faces(PF_A8B8G8R8,64x48x1) with 6 hardware generated mipmaps from Image. Internal format is PF_A8B8G8R8,64x48x1.
13:55:03: Texture: sdk_frame.png: Loading 1 faces(PF_A8B8G8R8,32x32x1) with 5 hardware generated mipmaps from Image. Internal format is PF_A8B8G8R8,32x32x1.
13:55:03: Texture: sdk_mini_text_box_over.png: Loading 1 faces(PF_A8B8G8R8,32x32x1) with 5 hardware generated mipmaps from Image. Internal format is PF_A8B8G8R8,32x32x1.
13:55:03: Texture: sdk_pulse.png: Loading 1 faces(PF_B8G8R8,8x1x1) with 3 hardware generated mipmaps from Image. Internal format is PF_B8G8R8,8x1x1.
13:55:03: Finished parsing scripts for resource group Essential
13:55:03: Creating resources for group Essential
13:55:03: All done
13:55:03: Parsing scripts for resource group General
13:55:03: Parsing script Sinbad.material
13:55:03: Parsing script DualQuaternionSkinning_Shadow.material
13:55:03: Parsing script HardwareSkinningShadow.material
13:55:03: Parsing script RTShaderSystem.material
13:55:03: Parsing script TriplanarTexturing.material
13:55:03: Finished parsing scripts for resource group General
13:55:03: Creating resources for group General
13:55:03: All done
13:55:03: Parsing scripts for resource group OgreAutodetect
13:55:03: Finished parsing scripts for resource group OgreAutodetect
13:55:03: Creating resources for group OgreAutodetect
13:55:03: All done
13:55:03: Parsing scripts for resource group OgreInternal
13:55:03: Finished parsing scripts for resource group OgreInternal
13:55:03: Creating resources for group OgreInternal
13:55:03: All done
13:55:03: Mesh: Loading facial.mesh.
13:55:03: Can't assign material 'drbunsen_eye' to SubEntity of 'Ogre/MO1' because this Material does not exist in group 'General'. Have you forgotten to define it in a .material script?
13:55:03: Can't assign material 'drbunsen_glasses' to SubEntity of 'Ogre/MO1' because this Material does not exist in group 'General'. Have you forgotten to define it in a .material script?
13:55:03: Can't assign material 'drbunsen_glasses_frame' to SubEntity of 'Ogre/MO1' because this Material does not exist in group 'General'. Have you forgotten to define it in a .material script?
13:55:03: Can't assign material 'drbunsen_head' to SubEntity of 'Ogre/MO1' because this Material does not exist in group 'General'. Have you forgotten to define it in a .material script?
13:55:03: Can't assign material 'drbunsen_teeth' to SubEntity of 'Ogre/MO1' because this Material does not exist in group 'General'. Have you forgotten to define it in a .material script?
13:55:03: Font SdkTrays/Caption using texture size 256x256
13:55:03: Texture: SdkTrays/CaptionTexture: Loading 1 faces(PF_BYTE_LA,256x256x1) Internal format is PF_BYTE_LA,256x256x1.
13:55:03: Font SdkTrays/Value using texture size 512x256
13:55:03: Texture: SdkTrays/ValueTexture: Loading 1 faces(PF_BYTE_LA,512x256x1) Internal format is PF_BYTE_LA,512x256x1.
